\BOOKMARK [0][-]{chapter*.2}{\376\377\000H\000o\000w\000\040\000t\000o\000\040\000U\000s\000e\000\040\000T\000h\000i\000s\000\040\000S\000t\000u\000d\000y\000\040\000P\000a\000c\000k}{}% 1
\BOOKMARK [0][-]{chapter.1}{\376\377\000S\0001\000\040\040\024\000\040\000B\000i\000g\000\040\000P\000i\000c\000t\000u\000r\000e\000\040\000a\000n\000d\000\040\000T\000h\000r\000e\000a\000t\000\040\000M\000o\000d\000e\000l}{}% 2
\BOOKMARK [1][-]{section.1.1}{\376\377\000T\000i\000t\000l\000e\000\040\000a\000n\000d\000\040\000`\000`\000W\000h\000a\000t\000\040\000Y\000o\000u\000'\000l\000l\000\040\000L\000e\000a\000r\000n\000'\000'}{chapter.1}% 3
\BOOKMARK [1][-]{section.1.2}{\376\377\000W\000h\000e\000r\000e\000\040\000T\000h\000i\000s\000\040\000F\000i\000t\000s}{chapter.1}% 4
\BOOKMARK [1][-]{section.1.3}{\376\377\000T\000h\000e\000\040\000T\000h\000e\000o\000r\000y\000\040\000Y\000o\000u\000\040\000M\000u\000s\000t\000\040\000S\000t\000u\000d\000y}{chapter.1}% 5
\BOOKMARK [1][-]{section.1.4}{\376\377\000C\000o\000d\000e\000\040\000W\000a\000l\000k\000t\000h\000r\000o\000u\000g\000h}{chapter.1}% 6
\BOOKMARK [1][-]{section.1.5}{\376\377\000H\000a\000n\000d\000s\000-\000O\000n\000\040\000/\000\040\000P\000r\000a\000c\000t\000i\000c\000a\000l}{chapter.1}% 7
\BOOKMARK [1][-]{section.1.6}{\376\377\000A\000t\000t\000a\000c\000k\000\040\000R\000e\000l\000e\000v\000a\000n\000c\000e}{chapter.1}% 8
\BOOKMARK [1][-]{section.1.7}{\376\377\000I\000l\000l\000u\000s\000t\000r\000a\000t\000i\000o\000n\000s}{chapter.1}% 9
\BOOKMARK [1][-]{section.1.8}{\376\377\000P\000r\000e\000s\000e\000n\000t\000a\000t\000i\000o\000n\000\040\000P\000a\000c\000k}{chapter.1}% 10
\BOOKMARK [1][-]{section.1.9}{\376\377\000G\000l\000o\000s\000s\000a\000r\000y}{chapter.1}% 11
\BOOKMARK [1][-]{section.1.10}{\376\377\000R\000e\000f\000e\000r\000e\000n\000c\000e\000s\000\040\000a\000n\000d\000\040\000F\000u\000r\000t\000h\000e\000r\000\040\000S\000t\000u\000d\000y}{chapter.1}% 12
\BOOKMARK [0][-]{chapter.2}{\376\377\000S\0002\000\040\040\024\000\040\000P\000u\000b\000l\000i\000c\000\040\000K\000e\000y\000\040\000I\000n\000f\000r\000a\000s\000t\000r\000u\000c\000t\000u\000r\000e\000\040\000a\000n\000d\000\040\000t\000h\000e\000\040\000C\000e\000r\000t\000i\000f\000i\000c\000a\000t\000e\000\040\000A\000u\000t\000h\000o\000r\000i\000t\000y}{}% 13
\BOOKMARK [1][-]{section.2.1}{\376\377\000T\000i\000t\000l\000e\000\040\000a\000n\000d\000\040\000`\000`\000W\000h\000a\000t\000\040\000Y\000o\000u\000'\000l\000l\000\040\000L\000e\000a\000r\000n\000'\000'}{chapter.2}% 14
\BOOKMARK [1][-]{section.2.2}{\376\377\000W\000h\000e\000r\000e\000\040\000T\000h\000i\000s\000\040\000F\000i\000t\000s}{chapter.2}% 15
\BOOKMARK [1][-]{section.2.3}{\376\377\000T\000h\000e\000\040\000T\000h\000e\000o\000r\000y\000\040\000Y\000o\000u\000\040\000M\000u\000s\000t\000\040\000S\000t\000u\000d\000y}{chapter.2}% 16
\BOOKMARK [1][-]{section.2.4}{\376\377\000C\000o\000d\000e\000\040\000W\000a\000l\000k\000t\000h\000r\000o\000u\000g\000h}{chapter.2}% 17
\BOOKMARK [1][-]{section.2.5}{\376\377\000H\000a\000n\000d\000s\000-\000O\000n\000\040\000/\000\040\000P\000r\000a\000c\000t\000i\000c\000a\000l}{chapter.2}% 18
\BOOKMARK [1][-]{section.2.6}{\376\377\000A\000t\000t\000a\000c\000k\000\040\000R\000e\000l\000e\000v\000a\000n\000c\000e}{chapter.2}% 19
\BOOKMARK [1][-]{section.2.7}{\376\377\000I\000l\000l\000u\000s\000t\000r\000a\000t\000i\000o\000n\000s}{chapter.2}% 20
\BOOKMARK [1][-]{section.2.8}{\376\377\000P\000r\000e\000s\000e\000n\000t\000a\000t\000i\000o\000n\000\040\000P\000a\000c\000k}{chapter.2}% 21
\BOOKMARK [1][-]{section.2.9}{\376\377\000G\000l\000o\000s\000s\000a\000r\000y}{chapter.2}% 22
\BOOKMARK [1][-]{section.2.10}{\376\377\000R\000e\000f\000e\000r\000e\000n\000c\000e\000s\000\040\000a\000n\000d\000\040\000F\000u\000r\000t\000h\000e\000r\000\040\000S\000t\000u\000d\000y}{chapter.2}% 23
\BOOKMARK [0][-]{chapter.3}{\376\377\000S\0003\000\040\040\024\000\040\000T\000h\000e\000\040\000C\000r\000y\000p\000t\000o\000g\000r\000a\000p\000h\000i\000c\000\040\000C\000o\000r\000e}{}% 24
\BOOKMARK [1][-]{section.3.1}{\376\377\000T\000i\000t\000l\000e\000\040\000a\000n\000d\000\040\000`\000`\000W\000h\000a\000t\000\040\000Y\000o\000u\000'\000l\000l\000\040\000L\000e\000a\000r\000n\000'\000'}{chapter.3}% 25
\BOOKMARK [1][-]{section.3.2}{\376\377\000W\000h\000e\000r\000e\000\040\000T\000h\000i\000s\000\040\000F\000i\000t\000s}{chapter.3}% 26
\BOOKMARK [1][-]{section.3.3}{\376\377\000T\000h\000e\000\040\000T\000h\000e\000o\000r\000y\000\040\000Y\000o\000u\000\040\000M\000u\000s\000t\000\040\000S\000t\000u\000d\000y}{chapter.3}% 27
\BOOKMARK [1][-]{section.3.4}{\376\377\000C\000o\000d\000e\000\040\000W\000a\000l\000k\000t\000h\000r\000o\000u\000g\000h}{chapter.3}% 28
\BOOKMARK [1][-]{section.3.5}{\376\377\000H\000a\000n\000d\000s\000-\000O\000n\000\040\000/\000\040\000P\000r\000a\000c\000t\000i\000c\000a\000l}{chapter.3}% 29
\BOOKMARK [1][-]{section.3.6}{\376\377\000A\000t\000t\000a\000c\000k\000\040\000R\000e\000l\000e\000v\000a\000n\000c\000e}{chapter.3}% 30
\BOOKMARK [1][-]{section.3.7}{\376\377\000I\000l\000l\000u\000s\000t\000r\000a\000t\000i\000o\000n\000s}{chapter.3}% 31
\BOOKMARK [1][-]{section.3.8}{\376\377\000P\000r\000e\000s\000e\000n\000t\000a\000t\000i\000o\000n\000\040\000P\000a\000c\000k}{chapter.3}% 32
\BOOKMARK [1][-]{section.3.9}{\376\377\000G\000l\000o\000s\000s\000a\000r\000y}{chapter.3}% 33
\BOOKMARK [1][-]{section.3.10}{\376\377\000R\000e\000f\000e\000r\000e\000n\000c\000e\000s\000\040\000a\000n\000d\000\040\000F\000u\000r\000t\000h\000e\000r\000\040\000S\000t\000u\000d\000y}{chapter.3}% 34
\BOOKMARK [0][-]{chapter.4}{\376\377\000S\0004\000\040\040\024\000\040\000T\000h\000e\000\040\0004\000-\000S\000t\000e\000p\000\040\000A\000u\000t\000h\000e\000n\000t\000i\000c\000a\000t\000i\000o\000n\000\040\000H\000a\000n\000d\000s\000h\000a\000k\000e}{}% 35
\BOOKMARK [1][-]{section.4.1}{\376\377\000T\000i\000t\000l\000e\000\040\000a\000n\000d\000\040\000`\000`\000W\000h\000a\000t\000\040\000Y\000o\000u\000'\000l\000l\000\040\000L\000e\000a\000r\000n\000'\000'}{chapter.4}% 36
\BOOKMARK [1][-]{section.4.2}{\376\377\000W\000h\000e\000r\000e\000\040\000T\000h\000i\000s\000\040\000F\000i\000t\000s}{chapter.4}% 37
\BOOKMARK [1][-]{section.4.3}{\376\377\000T\000h\000e\000\040\000T\000h\000e\000o\000r\000y\000\040\000Y\000o\000u\000\040\000M\000u\000s\000t\000\040\000S\000t\000u\000d\000y}{chapter.4}% 38
\BOOKMARK [1][-]{section.4.4}{\376\377\000C\000o\000d\000e\000\040\000W\000a\000l\000k\000t\000h\000r\000o\000u\000g\000h}{chapter.4}% 39
\BOOKMARK [1][-]{section.4.5}{\376\377\000H\000a\000n\000d\000s\000-\000O\000n\000\040\000/\000\040\000P\000r\000a\000c\000t\000i\000c\000a\000l}{chapter.4}% 40
\BOOKMARK [1][-]{section.4.6}{\376\377\000A\000t\000t\000a\000c\000k\000\040\000R\000e\000l\000e\000v\000a\000n\000c\000e}{chapter.4}% 41
\BOOKMARK [1][-]{section.4.7}{\376\377\000I\000l\000l\000u\000s\000t\000r\000a\000t\000i\000o\000n\000s}{chapter.4}% 42
\BOOKMARK [1][-]{section.4.8}{\376\377\000P\000r\000e\000s\000e\000n\000t\000a\000t\000i\000o\000n\000\040\000P\000a\000c\000k}{chapter.4}% 43
\BOOKMARK [1][-]{section.4.9}{\376\377\000G\000l\000o\000s\000s\000a\000r\000y}{chapter.4}% 44
\BOOKMARK [1][-]{section.4.10}{\376\377\000R\000e\000f\000e\000r\000e\000n\000c\000e\000s\000\040\000a\000n\000d\000\040\000F\000u\000r\000t\000h\000e\000r\000\040\000S\000t\000u\000d\000y}{chapter.4}% 45
\BOOKMARK [0][-]{chapter.5}{\376\377\000S\0005\000\040\040\024\000\040\000S\000e\000c\000u\000r\000e\000\040\000M\000e\000s\000s\000a\000g\000i\000n\000g}{}% 46
\BOOKMARK [1][-]{section.5.1}{\376\377\000T\000i\000t\000l\000e\000\040\000a\000n\000d\000\040\000`\000`\000W\000h\000a\000t\000\040\000Y\000o\000u\000'\000l\000l\000\040\000L\000e\000a\000r\000n\000'\000'}{chapter.5}% 47
\BOOKMARK [1][-]{section.5.2}{\376\377\000W\000h\000e\000r\000e\000\040\000T\000h\000i\000s\000\040\000F\000i\000t\000s}{chapter.5}% 48
\BOOKMARK [1][-]{section.5.3}{\376\377\000T\000h\000e\000\040\000T\000h\000e\000o\000r\000y\000\040\000Y\000o\000u\000\040\000M\000u\000s\000t\000\040\000S\000t\000u\000d\000y}{chapter.5}% 49
\BOOKMARK [1][-]{section.5.4}{\376\377\000C\000o\000d\000e\000\040\000W\000a\000l\000k\000t\000h\000r\000o\000u\000g\000h}{chapter.5}% 50
\BOOKMARK [1][-]{section.5.5}{\376\377\000H\000a\000n\000d\000s\000-\000O\000n\000\040\000/\000\040\000P\000r\000a\000c\000t\000i\000c\000a\000l}{chapter.5}% 51
\BOOKMARK [1][-]{section.5.6}{\376\377\000A\000t\000t\000a\000c\000k\000\040\000R\000e\000l\000e\000v\000a\000n\000c\000e}{chapter.5}% 52
\BOOKMARK [1][-]{section.5.7}{\376\377\000I\000l\000l\000u\000s\000t\000r\000a\000t\000i\000o\000n\000s}{chapter.5}% 53
\BOOKMARK [1][-]{section.5.8}{\376\377\000P\000r\000e\000s\000e\000n\000t\000a\000t\000i\000o\000n\000\040\000P\000a\000c\000k}{chapter.5}% 54
\BOOKMARK [1][-]{section.5.9}{\376\377\000G\000l\000o\000s\000s\000a\000r\000y}{chapter.5}% 55
\BOOKMARK [1][-]{section.5.10}{\376\377\000R\000e\000f\000e\000r\000e\000n\000c\000e\000s\000\040\000a\000n\000d\000\040\000F\000u\000r\000t\000h\000e\000r\000\040\000S\000t\000u\000d\000y}{chapter.5}% 56
\BOOKMARK [0][-]{chapter.6}{\376\377\000S\0006\000\040\040\024\000\040\000T\000h\000e\000\040\000V\000e\000h\000i\000c\000l\000e\000\040\000N\000o\000d\000e\000\040\000a\000n\000d\000\040\000T\000C\000P\000\040\000N\000e\000t\000w\000o\000r\000k\000i\000n\000g}{}% 57
\BOOKMARK [1][-]{section.6.1}{\376\377\000T\000i\000t\000l\000e\000\040\000a\000n\000d\000\040\000`\000`\000W\000h\000a\000t\000\040\000Y\000o\000u\000'\000l\000l\000\040\000L\000e\000a\000r\000n\000'\000'}{chapter.6}% 58
\BOOKMARK [1][-]{section.6.2}{\376\377\000W\000h\000e\000r\000e\000\040\000T\000h\000i\000s\000\040\000F\000i\000t\000s}{chapter.6}% 59
\BOOKMARK [1][-]{section.6.3}{\376\377\000T\000h\000e\000\040\000T\000h\000e\000o\000r\000y\000\040\000Y\000o\000u\000\040\000M\000u\000s\000t\000\040\000S\000t\000u\000d\000y}{chapter.6}% 60
\BOOKMARK [1][-]{section.6.4}{\376\377\000C\000o\000d\000e\000\040\000W\000a\000l\000k\000t\000h\000r\000o\000u\000g\000h}{chapter.6}% 61
\BOOKMARK [1][-]{section.6.5}{\376\377\000H\000a\000n\000d\000s\000-\000O\000n\000\040\000/\000\040\000P\000r\000a\000c\000t\000i\000c\000a\000l}{chapter.6}% 62
\BOOKMARK [1][-]{section.6.6}{\376\377\000A\000t\000t\000a\000c\000k\000\040\000R\000e\000l\000e\000v\000a\000n\000c\000e}{chapter.6}% 63
\BOOKMARK [1][-]{section.6.7}{\376\377\000I\000l\000l\000u\000s\000t\000r\000a\000t\000i\000o\000n\000s}{chapter.6}% 64
\BOOKMARK [1][-]{section.6.8}{\376\377\000P\000r\000e\000s\000e\000n\000t\000a\000t\000i\000o\000n\000\040\000P\000a\000c\000k}{chapter.6}% 65
\BOOKMARK [1][-]{section.6.9}{\376\377\000G\000l\000o\000s\000s\000a\000r\000y}{chapter.6}% 66
\BOOKMARK [1][-]{section.6.10}{\376\377\000R\000e\000f\000e\000r\000e\000n\000c\000e\000s\000\040\000a\000n\000d\000\040\000F\000u\000r\000t\000h\000e\000r\000\040\000S\000t\000u\000d\000y}{chapter.6}% 67
\BOOKMARK [0][-]{chapter.7}{\376\377\000S\0007\000\040\040\024\000\040\000T\000h\000e\000\040\000M\000o\000n\000i\000t\000o\000r\000i\000n\000g\000\040\000D\000a\000s\000h\000b\000o\000a\000r\000d}{}% 68
\BOOKMARK [1][-]{section.7.1}{\376\377\000T\000i\000t\000l\000e\000\040\000a\000n\000d\000\040\000`\000`\000W\000h\000a\000t\000\040\000Y\000o\000u\000'\000l\000l\000\040\000L\000e\000a\000r\000n\000'\000'}{chapter.7}% 69
\BOOKMARK [1][-]{section.7.2}{\376\377\000W\000h\000e\000r\000e\000\040\000T\000h\000i\000s\000\040\000F\000i\000t\000s}{chapter.7}% 70
\BOOKMARK [1][-]{section.7.3}{\376\377\000T\000h\000e\000\040\000T\000h\000e\000o\000r\000y\000\040\000Y\000o\000u\000\040\000M\000u\000s\000t\000\040\000S\000t\000u\000d\000y}{chapter.7}% 71
\BOOKMARK [1][-]{section.7.4}{\376\377\000C\000o\000d\000e\000\040\000W\000a\000l\000k\000t\000h\000r\000o\000u\000g\000h}{chapter.7}% 72
\BOOKMARK [1][-]{section.7.5}{\376\377\000H\000a\000n\000d\000s\000-\000O\000n\000\040\000/\000\040\000P\000r\000a\000c\000t\000i\000c\000a\000l}{chapter.7}% 73
\BOOKMARK [1][-]{section.7.6}{\376\377\000A\000t\000t\000a\000c\000k\000\040\000R\000e\000l\000e\000v\000a\000n\000c\000e}{chapter.7}% 74
\BOOKMARK [1][-]{section.7.7}{\376\377\000I\000l\000l\000u\000s\000t\000r\000a\000t\000i\000o\000n\000s}{chapter.7}% 75
\BOOKMARK [1][-]{section.7.8}{\376\377\000P\000r\000e\000s\000e\000n\000t\000a\000t\000i\000o\000n\000\040\000P\000a\000c\000k}{chapter.7}% 76
\BOOKMARK [1][-]{section.7.9}{\376\377\000G\000l\000o\000s\000s\000a\000r\000y}{chapter.7}% 77
\BOOKMARK [1][-]{section.7.10}{\376\377\000R\000e\000f\000e\000r\000e\000n\000c\000e\000s\000\040\000a\000n\000d\000\040\000F\000u\000r\000t\000h\000e\000r\000\040\000S\000t\000u\000d\000y}{chapter.7}% 78
\BOOKMARK [0][-]{chapter.8}{\376\377\000S\0008\000\040\040\024\000\040\000A\000t\000t\000a\000c\000k\000\040\000D\000e\000m\000o\000n\000s\000t\000r\000a\000t\000i\000o\000n\000s}{}% 79
\BOOKMARK [1][-]{section.8.1}{\376\377\000T\000i\000t\000l\000e\000\040\000a\000n\000d\000\040\000`\000`\000W\000h\000a\000t\000\040\000Y\000o\000u\000'\000l\000l\000\040\000L\000e\000a\000r\000n\000'\000'}{chapter.8}% 80
\BOOKMARK [1][-]{section.8.2}{\376\377\000W\000h\000e\000r\000e\000\040\000T\000h\000i\000s\000\040\000F\000i\000t\000s}{chapter.8}% 81
\BOOKMARK [1][-]{section.8.3}{\376\377\000T\000h\000e\000\040\000T\000h\000e\000o\000r\000y\000\040\000Y\000o\000u\000\040\000M\000u\000s\000t\000\040\000S\000t\000u\000d\000y}{chapter.8}% 82
\BOOKMARK [1][-]{section.8.4}{\376\377\000C\000o\000d\000e\000\040\000W\000a\000l\000k\000t\000h\000r\000o\000u\000g\000h}{chapter.8}% 83
\BOOKMARK [1][-]{section.8.5}{\376\377\000H\000a\000n\000d\000s\000-\000O\000n\000\040\000/\000\040\000P\000r\000a\000c\000t\000i\000c\000a\000l}{chapter.8}% 84
\BOOKMARK [1][-]{section.8.6}{\376\377\000A\000t\000t\000a\000c\000k\000\040\000R\000e\000l\000e\000v\000a\000n\000c\000e}{chapter.8}% 85
\BOOKMARK [1][-]{section.8.7}{\376\377\000I\000l\000l\000u\000s\000t\000r\000a\000t\000i\000o\000n\000s}{chapter.8}% 86
\BOOKMARK [1][-]{section.8.8}{\376\377\000P\000r\000e\000s\000e\000n\000t\000a\000t\000i\000o\000n\000\040\000P\000a\000c\000k}{chapter.8}% 87
\BOOKMARK [1][-]{section.8.9}{\376\377\000G\000l\000o\000s\000s\000a\000r\000y}{chapter.8}% 88
\BOOKMARK [1][-]{section.8.10}{\376\377\000R\000e\000f\000e\000r\000e\000n\000c\000e\000s\000\040\000a\000n\000d\000\040\000F\000u\000r\000t\000h\000e\000r\000\040\000S\000t\000u\000d\000y}{chapter.8}% 89
\BOOKMARK [0][-]{chapter.9}{\376\377\000S\0009\000\040\040\024\000\040\000S\000e\000c\000u\000r\000i\000t\000y\000\040\000E\000v\000a\000l\000u\000a\000t\000i\000o\000n}{}% 90
\BOOKMARK [1][-]{section.9.1}{\376\377\000T\000i\000t\000l\000e\000\040\000a\000n\000d\000\040\000`\000`\000W\000h\000a\000t\000\040\000Y\000o\000u\000'\000l\000l\000\040\000L\000e\000a\000r\000n\000'\000'}{chapter.9}% 91
\BOOKMARK [1][-]{section.9.2}{\376\377\000W\000h\000e\000r\000e\000\040\000T\000h\000i\000s\000\040\000F\000i\000t\000s}{chapter.9}% 92
\BOOKMARK [1][-]{section.9.3}{\376\377\000T\000h\000e\000\040\000T\000h\000e\000o\000r\000y\000\040\000Y\000o\000u\000\040\000M\000u\000s\000t\000\040\000S\000t\000u\000d\000y}{chapter.9}% 93
\BOOKMARK [1][-]{section.9.4}{\376\377\000C\000o\000d\000e\000\040\000W\000a\000l\000k\000t\000h\000r\000o\000u\000g\000h}{chapter.9}% 94
\BOOKMARK [1][-]{section.9.5}{\376\377\000H\000a\000n\000d\000s\000-\000O\000n\000\040\000/\000\040\000P\000r\000a\000c\000t\000i\000c\000a\000l}{chapter.9}% 95
\BOOKMARK [1][-]{section.9.6}{\376\377\000A\000t\000t\000a\000c\000k\000\040\000R\000e\000l\000e\000v\000a\000n\000c\000e}{chapter.9}% 96
\BOOKMARK [1][-]{section.9.7}{\376\377\000I\000l\000l\000u\000s\000t\000r\000a\000t\000i\000o\000n\000s}{chapter.9}% 97
\BOOKMARK [1][-]{section.9.8}{\376\377\000P\000r\000e\000s\000e\000n\000t\000a\000t\000i\000o\000n\000\040\000P\000a\000c\000k}{chapter.9}% 98
\BOOKMARK [1][-]{section.9.9}{\376\377\000G\000l\000o\000s\000s\000a\000r\000y}{chapter.9}% 99
\BOOKMARK [1][-]{section.9.10}{\376\377\000R\000e\000f\000e\000r\000e\000n\000c\000e\000s\000\040\000a\000n\000d\000\040\000F\000u\000r\000t\000h\000e\000r\000\040\000S\000t\000u\000d\000y}{chapter.9}% 100
